SF:lib/src/data/models/visibility_filter.dart
DA:1,2
LF:1
LH:1
end_of_record
SF:lib/src/domain/entities/task.dart
DA:14,1
DA:16,0
DA:17,0
DA:18,0
DA:20,0
DA:24,1
DA:25,4
DA:27,1
LF:8
LH:4
end_of_record
SF:lib/src/domain/usecases/get_saved_tasks_usecase.dart
DA:8,0
DA:10,0
DA:12,0
LF:3
LH:0
end_of_record
SF:lib/src/domain/usecases/remove_task_usecase.dart
DA:8,0
DA:10,0
DA:13,0
DA:15,0
LF:4
LH:0
end_of_record
SF:lib/src/domain/usecases/save_task_usecase.dart
DA:8,0
DA:10,0
DA:13,0
DA:15,0
LF:4
LH:0
end_of_record
SF:lib/src/domain/usecases/update_task_usecase.dart
DA:8,0
DA:10,0
DA:13,0
DA:15,0
LF:4
LH:0
end_of_record
SF:lib/src/presentation/blocs/local_task/local_task_event.dart
DA:5,1
DA:7,0
DA:8,0
DA:14,1
DA:16,0
DA:17,0
DA:19,0
DA:20,0
DA:24,0
DA:26,0
DA:27,0
DA:32,0
DA:34,0
DA:35,0
DA:40,0
DA:42,0
DA:43,0
DA:48,0
DA:50,0
DA:51,0
LF:20
LH:2
end_of_record
SF:lib/src/presentation/blocs/local_task/local_task_bloc.dart
DA:22,1
DA:27,2
DA:30,1
DA:33,1
DA:34,2
DA:35,0
DA:36,0
DA:37,0
DA:38,0
DA:39,0
DA:40,0
DA:41,0
DA:42,0
DA:43,0
DA:44,0
DA:45,0
DA:49,1
DA:52,3
DA:53,2
DA:54,1
DA:56,1
DA:58,1
DA:62,0
DA:63,0
DA:64,0
DA:65,0
DA:67,0
DA:68,0
DA:75,1
DA:77,2
DA:78,1
DA:80,1
DA:81,1
DA:83,1
DA:85,1
LF:35
LH:18
end_of_record
SF:lib/src/presentation/blocs/local_task/local_task_state.dart
DA:5,2
DA:7,0
DA:8,0
DA:16,2
DA:18,1
DA:19,3
LF:6
LH:4
end_of_record
SF:lib/src/core/params/task_request.dart
DA:8,0
LF:1
LH:0
end_of_record
SF:lib/src/core/resources/data_state.dart
DA:7,0
DA:11,0
DA:15,0
LF:3
LH:0
end_of_record
